Using pre-set license

 COMMAND LINE ARGUMENTS:
/Applications/Unity/Hub/Editor/2020.2.3f1/Unity.app/Contents/MacOS/Unity
-adb2
-batchMode
-noUpm
-name
AssetImportWorker0
-projectPath
/Users/user/Projects/Bullsh!t Card Game/Bullsh!t
-logFile
Logs/AssetImportWorker0.log
-srvPort
54583
Successfully changed project path to: /Users/user/Projects/Bullsh!t Card Game/Bullsh!t
/Users/user/Projects/Bullsh!t Card Game/Bullsh!t
Using Asset Import Pipeline V2.
Refreshing native plugins compatible for Editor in 26.94 ms, found 1 plugins.
Preloading 0 native plugins for Editor in 0.00 ms.
Initialize engine version: 2020.2.3f1 (8ff31bc5bf5b)
[Subsystems] Discovering subsystems at path /Applications/Unity/Hub/Editor/2020.2.3f1/Unity.app/Contents/Resources/UnitySubsystems
[Subsystems] Discovering subsystems at path /Users/user/Projects/Bullsh!t Card Game/Bullsh!t/Assets
GfxDevice: creating device client; threaded=0
2021-03-07 08:54:07.506 Unity[10440:437246] Color LCD preferred device: Intel(R) Iris(TM) Plus Graphics 655 (low power)
2021-03-07 08:54:07.506 Unity[10440:437246] Metal devices available: 1
2021-03-07 08:54:07.506 Unity[10440:437246] 0: Intel(R) Iris(TM) Plus Graphics 655 (low power)
2021-03-07 08:54:07.507 Unity[10440:437246] Using device Intel(R) Iris(TM) Plus Graphics 655 (low power)
Initializing Metal device caps: Intel(R) Iris(TM) Plus Graphics 655
Initialize mono
Mono path[0] = '/Applications/Unity/Hub/Editor/2020.2.3f1/Unity.app/Contents/Managed'
Mono path[1] = '/Applications/Unity/Hub/Editor/2020.2.3f1/Unity.app/Contents/MonoBleedingEdge/lib/mono/unityjit'
Mono config path = '/Applications/Unity/Hub/Editor/2020.2.3f1/Unity.app/Contents/MonoBleedingEdge/etc'
Using monoOptions --debugger-agent=transport=dt_socket,embedding=1,server=y,suspend=n,address=127.0.0.1:56440
Begin MonoManager ReloadAssembly
Registering precompiled unity dll's ...
Register platform support module: /Applications/Unity/Hub/Editor/2020.2.3f1/Unity.app/Contents/PlaybackEngines/MacStandaloneSupport/UnityEditor.OSXStandalone.Extensions.dll
Register platform support module: /Applications/Unity/Hub/Editor/2020.2.3f1/PlaybackEngines/WindowsStandaloneSupport/UnityEditor.WindowsStandalone.Extensions.dll
Registered in 0.003491 seconds.
Native extension for WindowsStandalone target not found
Native extension for OSXStandalone target not found
Refreshing native plugins compatible for Editor in 25.30 ms, found 1 plugins.
Preloading 0 native plugins for Editor in 0.00 ms.
Invoked RoslynAnalysisRunner static constructor.
RoslynAnalysisRunner will not be running.
RoslynAnalysisRunner has terminated.
Mono: successfully reloaded assembly
- Completed reload, in  2.096 seconds
Platform modules already initialized, skipping
Registering precompiled user dll's ...
Registered in 0.001326 seconds.
Begin MonoManager ReloadAssembly
Native extension for WindowsStandalone target not found
Native extension for OSXStandalone target not found
Refreshing native plugins compatible for Editor in 0.37 ms, found 1 plugins.
Preloading 0 native plugins for Editor in 0.00 ms.
Invoked RoslynAnalysisRunner static constructor.
RoslynAnalysisRunner will not be running.
RoslynAnalysisRunner has terminated.
Mono: successfully reloaded assembly
- Completed reload, in  1.096 seconds
Platform modules already initialized, skipping
========================================================================
Worker process is ready to serve import requests
Launching external process: /Applications/Unity/Hub/Editor/2020.2.3f1/Unity.app/Contents/Tools/UnityShaderCompiler
Launched and connected shader compiler UnityShaderCompiler after 0.02 seconds
Refreshing native plugins compatible for Editor in 0.25 ms, found 1 plugins.
Preloading 0 native plugins for Editor in 0.00 ms.
Unloading 1122 Unused Serialized files (Serialized files now loaded: 0)
System memory in use before: 113.4 MB.
System memory in use after: 113.4 MB.

Unloading 10 unused Assets to reduce memory usage. Loaded Objects now: 1566.
Total: 2.577664 ms (FindLiveObjects: 0.260304 ms CreateObjectMapping: 0.063672 ms MarkObjects: 2.049767 ms  DeleteObjects: 0.202079 ms)

========================================================================
Received Import Request.
  path: Assets/Prefabs/Card.prefab
  artifactKey: Guid(bea10ad4b2fea4ffc87738fbc4e3b2c7) Importer(815301076,1909f56bfc062723c751e8b465ee728b)
Start importing Assets/Prefabs/Card.prefab using Guid(bea10ad4b2fea4ffc87738fbc4e3b2c7) Importer(815301076,1909f56bfc062723c751e8b465ee728b)  -> (artifact id: '28f940cfc437ffc8d06b170b9e1572ae') in 0.536117 seconds
  Import took 0.539994 seconds .

========================================================================
Received Import Request.
  Time since last request: 14.879596 seconds.
  path: Assets/Prefabs/Player HUD.prefab
  artifactKey: Guid(808414a72e3a544979e2681494e416ff) Importer(815301076,1909f56bfc062723c751e8b465ee728b)
Start importing Assets/Prefabs/Player HUD.prefab using Guid(808414a72e3a544979e2681494e416ff) Importer(815301076,1909f56bfc062723c751e8b465ee728b)  -> (artifact id: '7b484664bfa6862f4b4a7ba7c95923dd') in 0.084570 seconds
  Import took 0.087910 seconds .

